01 12 45 574: cal AvrDebugger::AvrDebugger() - constructor
01 12 45 574: cal AvrDebugger::init()
01 12 45 575: cal AvrDebugger::startServices()
01 12 45 648: cal AvrDebugger::startNetwork()
01 12 45 648: tcf Communication server listening on port 59301.
01 12 45 735: tcf Opening channel 98 to 127.0.0.1:59302
01 12 45 735: cal AvrDebugger::onChannelStart() - nClients = 1
01 12 45 735: msg send(98):E Locator Hello ["Breakpoints","Device","Diagnostics","Disassembly","Expressions","FileSystem","LineNumbers","Locator","Memory","Message","Meta","Modules","Processes","Registers","ResourceInfo","RunControl","StackTrace","Stimuli","Stream","Symbols","Tool","Trace"]
01 12 45 741: msg recv(98):E Locator Hello ["Locator"]
01 12 45 741: cal AvrDebugger::onChannelOpen()
01 12 45 749: msg recv(98):C 0 Tool getAttachedTools ""
01 12 45 776: mplabcomm::library Starting library controll: session=0, list=0
01 12 45 901: msg send(98):R 0  [{"ToolType":"com.atmel.avrdbg.tool.simulator","ConnectionType":"","ConnectionProperties":{}},{"ToolType":"com.atmel.avrdbg.tool.samice","ConnectionType":"com.atmel.avrdbg.connection.segger","ConnectionProperties":{"Type":"com.atmel.avrdbg.connection.segger","SerialNumber":"28018294","ProductName":"SAM-ICE"}}]
01 12 45 951: msg recv(98):C 1 Tool getAttachedTools ""
01 12 46 058: msg send(98):R 1  [{"ToolType":"com.atmel.avrdbg.tool.simulator","ConnectionType":"","ConnectionProperties":{}},{"ToolType":"com.atmel.avrdbg.tool.samice","ConnectionType":"com.atmel.avrdbg.connection.segger","ConnectionProperties":{"Type":"com.atmel.avrdbg.connection.segger","SerialNumber":"28018294","ProductName":"SAM-ICE"}}]
01 12 46 084: msg recv(98):C 2 Tool setupTool "com.atmel.avrdbg.tool.samice" "com.atmel.avrdbg.connection.segger" {"SerialNumber":"28018294","Type":"com.atmel.avrdbg.connection.segger","ProductName":"SAM-ICE"}
01 12 46 085: msg send(98):E Tool contextAdded [{"ID":"AT_1","Name":"com.atmel.avrdbg.tool.samice","DeviceId":"","JlinkDeviceOverride":"","JlinkDeviceOverrideName":""}]
01 12 46 085: msg send(98):R 2  "AT_1"
01 12 46 094: msg recv(98):C 3 Tool getContext "AT_1"
01 12 46 095: msg send(98):R 3  {"ID":"AT_1","Name":"com.atmel.avrdbg.tool.samice","DeviceId":"","JlinkDeviceOverride":"","JlinkDeviceOverrideName":""}
01 12 46 111: msg recv(98):C 4 Tool connect "AT_1"
01 12 46 171: msg send(98):R 4
01 12 46 175: msg recv(98):C 5 Tool getContext "AT_1"
01 12 46 175: msg send(98):R 5  {"ID":"AT_1","Name":"com.atmel.avrdbg.tool.samice","DeviceId":"","MajorFirmwareVersion":"J-Link ARM V8 compiled Aug 26 2015 15:08:21","MinorFirmwareVersion":"","HardwareRevision":"8.0","DllVersion":"6.48a","JlinkDeviceOverride":"","JlinkDeviceOverrideName":""}
01 12 46 206: msg recv(98):C 6 Tool setProperties "AT_1" {"DeviceName":"atsamd21g18a","InterfaceName":"swd","ProgFlashFromRam":true}
01 12 46 211: hil Using device file C:/Program Files (x86)\Atmel\Studio\7.0\Packs\Atmel\SAMD21_DFP\1.3.395\samd21a\atdf\ATSAMD21G18A.atdf
01 12 46 211: dbg AvrToolsDeviceFileReader::parseFiles(atsamd21g18a) - start processing xml file
01 12 46 244: dbg AvrToolsDeviceFileReader::parseFiles(atsamd21g18a) - done
01 12 46 246: msg send(98):E Device contextAdded [{"ID":"ArmDev_1","Name":"atsamd21g18a","Session":0,"MemoryIDs":[],"RunControlID":""}]
01 12 46 247: msg send(98):E Tool contextChanged [{"ID":"AT_1","Name":"com.atmel.avrdbg.tool.samice","DeviceId":"ArmDev_1","InterfaceName":"SWD","InterfaceProperties":{"SwdClock":0},"MajorFirmwareVersion":"J-Link ARM V8 compiled Aug 26 2015 15:08:21","MinorFirmwareVersion":"","HardwareRevision":"8.0","DllVersion":"6.48a","JlinkDeviceOverride":"","JlinkDeviceOverrideName":""}]
01 12 46 247: msg send(98):R 6
01 12 46 252: msg recv(98):C 7 Tool setProperties "AT_1" {"InterfaceProperties":{"SwdClock":4000000}}
01 12 46 253: arm ArmSwdInterface: Set Jlink Device = atsamd21g18a and ProjectFile = 
01 12 46 376: sgr Device "ATSAMD21G18" selected.
01 12 46 377: msg send(98):E Tool contextChanged [{"ID":"AT_1","Name":"com.atmel.avrdbg.tool.samice","DeviceId":"ArmDev_1","InterfaceName":"SWD","InterfaceProperties":{"SwdClock":4000000},"MajorFirmwareVersion":"J-Link ARM V8 compiled Aug 26 2015 15:08:21","MinorFirmwareVersion":"","HardwareRevision":"8.0","DllVersion":"6.48a","JlinkDeviceOverride":"0","JlinkDeviceOverrideName":"\"ARM7\""}]
01 12 46 377: msg send(98):R 7
01 12 46 425: msg recv(98):C 8 Tool getContext "AT_1"
01 12 46 426: msg send(98):R 8  {"ID":"AT_1","Name":"com.atmel.avrdbg.tool.samice","DeviceId":"ArmDev_1","InterfaceName":"SWD","InterfaceProperties":{"SwdClock":4000000},"MajorFirmwareVersion":"J-Link ARM V8 compiled Aug 26 2015 15:08:21","MinorFirmwareVersion":"","HardwareRevision":"8.0","DllVersion":"6.48a","JlinkDeviceOverride":"0","JlinkDeviceOverrideName":"\"ARM7\""}
01 12 46 441: msg recv(98):C 9 Device getContext "ArmDev_1"
01 12 46 441: msg send(98):R 9  {"ID":"ArmDev_1","Name":"atsamd21g18a","Session":0,"MemoryIDs":[],"RunControlID":"","ProgFlashFromRam":true}
01 12 46 458: msg recv(98):C 10 Device startSession "ArmDev_1" "ProgrammingSession"
01 12 46 458: prg Connect to the device OCD
01 12 46 460: sgr InitTarget()
01 12 46 466: sgr Found SW-DP with ID 0x0BC11477
01 12 46 469: sgr Scanning AP map to find all available APs
01 12 46 472: sgr AP[1]: Stopped AP scan as end of AP map has been reached
01 12 46 472: sgr AP[0]: AHB-AP (IDR: 0x04770031)
01 12 46 472: sgr Iterating through AP map to find AHB-AP to use
01 12 46 475: sgr AP[0]: Core found
01 12 46 475: sgr AP[0]: AHB-AP ROM base: 0x41003000
01 12 46 477: sgr CPUID register: 0x410CC601. Implementer code: 0x41 (ARM)
01 12 46 477: sgr Found Cortex-M0 r0p1, Little endian.
01 12 46 581: sgr FPUnit: 4 code (BP) slots and 0 literal slots
01 12 46 585: sgr CoreSight components:
01 12 46 585: sgr ROMTbl[0] @ 41003000
01 12 46 587: sgr ROMTbl[0][0]: E00FF000, CID: B105100D, PID: 000BB4C0 ROM Table
01 12 46 587: sgr ROMTbl[1] @ E00FF000
01 12 46 590: sgr ROMTbl[1][0]: E000E000, CID: B105E00D, PID: 000BB008 SCS
01 12 46 592: sgr ROMTbl[1][1]: E0001000, CID: B105E00D, PID: 000BB00A DWT
01 12 46 594: sgr ROMTbl[1][2]: E0002000, CID: B105E00D, PID: 000BB00B FPB
01 12 46 596: sgr ROMTbl[0][1]: 41006000, CID: B105900D, PID: 001BB932 MTB-M0+
01 12 46 597: sgr JLINKARM_Halt
01 12 46 603: xml Segment definition is rw but size smaller than erase page for segment OTP4
01 12 46 603: prg Starting debugging
01 12 46 604: msg send(98):E RunControl contextAdded [{"ID":"armRC1","CanSuspend":true,"CanResume":262143,"CanCount":262143,"IsContainer":false,"HasState":true,"CanTerminate":true}]
01 12 46 607: msg send(98):E Registers contextAdded [{"ID":"Reg_R0_1","Name":"R0","Size":4},{"ID":"Reg_R1_2","Name":"R1","Size":4},{"ID":"Reg_R2_3","Name":"R2","Size":4},{"ID":"Reg_R3_4","Name":"R3","Size":4},{"ID":"Reg_R4_5","Name":"R4","Size":4},{"ID":"Reg_R5_6","Name":"R5","Size":4},{"ID":"Reg_R6_7","Name":"R6","Size":4},{"ID":"Reg_R7_8","Name":"R7","Size":4},{"ID":"Reg_R8_9","Name":"R8","Size":4},{"ID":"Reg_R9_10","Name":"R9","Size":4},{"ID":"Reg_R10_11","Name":"R10","Size":4},{"ID":"Reg_R11_12","Name":"R11","Size":4},{"ID":"Reg_R12_13","Name":"R12","Size":4},{"ID":"Reg_SP_14","Name":"SP","Size":4},{"ID":"Reg_LR_15","Name":"LR","Size":4},{"ID":"Reg_PC_16","Name":"PC","Size":4},{"ID":"Reg_APSR_17","Name":"APSR","Size":4},{"ID":"Reg_MSP_18","Name":"MSP","Size":4},{"ID":"Reg_PSP_19","Name":"PSP","Size":4},{"ID":"Reg_XPSR_20","Name":"XPSR","Size":4},{"ID":"Reg_IPSR_21","Name":"IPSR","Size":4},{"ID":"Reg_EPSR_22","Name":"EPSR","Size":4},{"ID":"Reg_PRIMASK_23","Name":"PRIMASK","Size":1},{"ID":"Reg_FAULTMASK_24","Name":"FAULTMASK","Si...
01 12 46 607: msg send(98):E Memory contextAdded [{"ID":"Mem_base_1","BigEndian":false,"AddressSize":4,"Name":"base","StartBound":0,"EndBound":4294967295},{"ID":"Mem_fuses_2","BigEndian":false,"AddressSize":4,"Name":"fuses","StartBound":0,"EndBound":4294967295}]
01 12 46 609: sgr JLINKARM_ReadMemU32 41002018 10010305 ...
01 12 46 609: msg send(98):R 10  {"signature":268501765,"revision":3}
01 12 46 683: msg recv(98):C 11 Device endSession "ArmDev_1"
01 12 46 684: msg send(98):E RunControl contextRemoved ["armRC1"]
01 12 46 827: msg send(98):E RunControl contextRemoved ["armRC1"]
01 12 46 828: prg Finished debugging
01 12 46 828: msg send(98):E Registers contextRemoved ["Reg_R0_1","Reg_R1_2","Reg_R2_3","Reg_R3_4","Reg_R4_5","Reg_R5_6","Reg_R6_7","Reg_R7_8","Reg_R8_9","Reg_R9_10","Reg_R10_11","Reg_R11_12","Reg_R12_13","Reg_SP_14","Reg_LR_15","Reg_PC_16","Reg_APSR_17","Reg_MSP_18","Reg_PSP_19","Reg_XPSR_20","Reg_IPSR_21","Reg_EPSR_22","Reg_PRIMASK_23","Reg_FAULTMASK_24","Reg_BASEPRI_25","Reg_CONTROL_26"]
01 12 46 828: sgr Disconnect from target
01 12 46 829: sgr InitTarget()
01 12 46 842: sgr Found SW-DP with ID 0x0BC11477
01 12 46 848: sgr AP map detection skipped. Manually configured AP map found.
01 12 46 848: sgr AP[0]: AHB-AP (IDR: Not set)
01 12 46 857: sgr AP[0]: Core found
01 12 46 857: sgr AP[0]: AHB-AP ROM base: 0x41003000
01 12 46 861: sgr CPUID register: 0x410CC601. Implementer code: 0x41 (ARM)
01 12 46 861: sgr Found Cortex-M0 r0p1, Little endian.
01 12 46 964: sgr FPUnit: 4 code (BP) slots and 0 literal slots
01 12 46 966: sgr CoreSight components:
01 12 46 966: sgr ROMTbl[0] @ 41003000
01 12 46 968: sgr ROMTbl[0][0]: E00FF000, CID: B105100D, PID: 000BB4C0 ROM Table
01 12 46 969: sgr ROMTbl[1] @ E00FF000
01 12 46 971: sgr ROMTbl[1][0]: E000E000, CID: B105E00D, PID: 000BB008 SCS
01 12 46 975: sgr ROMTbl[1][1]: E0001000, CID: B105E00D, PID: 000BB00A DWT
01 12 46 977: sgr ROMTbl[1][2]: E0002000, CID: B105E00D, PID: 000BB00B FPB
01 12 46 979: sgr ROMTbl[0][1]: 41006000, CID: B105900D, PID: 001BB932 MTB-M0+
01 12 47 064: msg send(98):E Memory contextRemoved ["Mem_base_1","Mem_fuses_2"]
01 12 47 064: msg send(98):R 11
01 12 47 115: msg recv(98):C 12 Device erase "ArmDev_1" {"EraseKey":"","Type":0}
01 12 47 166: sgr Device "ATSAMD21G18" selected.
01 12 47 168: sgr JLink>r0
01 12 47 174: sgr JLink>r1
01 12 47 180: sgr JLink>r0
01 12 47 188: sgr JLink>tck0  returns 0
01 12 47 193: sgr JLink>r1
01 12 47 199: sgr JLink>c
01 12 47 216: prg SAMD - chip erase
01 12 47 235: arm Device did not enter reset extensions, falling back to JLinkEraseChip
01 12 47 235: sgr JLINKARM_Halt
01 12 47 235: sgr InitTarget()
01 12 47 267: sgr Found SW-DP with ID 0x0BC11477
01 12 47 280: sgr Scanning AP map to find all available APs
01 12 47 290: sgr AP[1]: Stopped AP scan as end of AP map has been reached
01 12 47 290: sgr AP[0]: AHB-AP (IDR: 0x04770031)
01 12 47 290: sgr Iterating through AP map to find AHB-AP to use
01 12 47 309: sgr AP[0]: Core found
01 12 47 309: sgr AP[0]: AHB-AP ROM base: 0x41003000
01 12 47 318: sgr CPUID register: 0x410CC601. Implementer code: 0x41 (ARM)
01 12 47 318: sgr Found Cortex-M0 r0p1, Little endian.
01 12 47 438: sgr FPUnit: 4 code (BP) slots and 0 literal slots
01 12 47 464: sgr CoreSight components:
01 12 47 464: sgr ROMTbl[0] @ 41003000
01 12 47 491: sgr ROMTbl[0][0]: E00FF000, CID: B105100D, PID: 000BB4C0 ROM Table
01 12 47 491: sgr ROMTbl[1] @ E00FF000
01 12 47 519: sgr ROMTbl[1][0]: E000E000, CID: B105E00D, PID: 000BB008 SCS
01 12 47 538: sgr ROMTbl[1][1]: E0001000, CID: B105E00D, PID: 000BB00A DWT
01 12 47 557: sgr ROMTbl[1][2]: E0002000, CID: B105E00D, PID: 000BB00B FPB
01 12 47 575: sgr ROMTbl[0][1]: 41006000, CID: B105900D, PID: 001BB932 MTB-M0+
01 12 49 692: sgr J-Link: Flash download: Total time needed: 2.033s (Prepare: 0.825s, Compare: 0.000s, Erase: 1.116s, Program: 0.000s, Verify: 0.000s, Restore: 0.092s)
01 12 50 640: sgr J-Link: Flash download: Total time needed: 0.943s (Prepare: 0.826s, Compare: 0.000s, Erase: 0.025s, Program: 0.000s, Verify: 0.000s, Restore: 0.091s)
01 12 50 643: msg send(98):R 12
01 12 50 680: msg recv(98):C 13 Device startSession "ArmDev_1" "ProgrammingSession"
01 12 50 680: prg Connect to the device OCD
01 12 50 696: sgr Device "ATSAMD21G18" selected.
01 12 50 701: sgr InitTarget()
01 12 50 707: sgr Found SW-DP with ID 0x0BC11477
01 12 50 710: sgr AP map detection skipped. Manually configured AP map found.
01 12 50 710: sgr AP[0]: AHB-AP (IDR: Not set)
01 12 50 714: sgr AP[0]: Core found
01 12 50 714: sgr AP[0]: AHB-AP ROM base: 0x41003000
01 12 50 717: sgr CPUID register: 0x410CC601. Implementer code: 0x41 (ARM)
01 12 50 717: sgr Found Cortex-M0 r0p1, Little endian.
01 12 50 818: sgr FPUnit: 4 code (BP) slots and 0 literal slots
01 12 50 820: sgr CoreSight components:
01 12 50 820: sgr ROMTbl[0] @ 41003000
01 12 50 822: sgr ROMTbl[0][0]: E00FF000, CID: B105100D, PID: 000BB4C0 ROM Table
01 12 50 822: sgr ROMTbl[1] @ E00FF000
01 12 50 824: sgr ROMTbl[1][0]: E000E000, CID: B105E00D, PID: 000BB008 SCS
01 12 50 826: sgr ROMTbl[1][1]: E0001000, CID: B105E00D, PID: 000BB00A DWT
01 12 50 828: sgr ROMTbl[1][2]: E0002000, CID: B105E00D, PID: 000BB00B FPB
01 12 50 829: sgr ROMTbl[0][1]: 41006000, CID: B105900D, PID: 001BB932 MTB-M0+
01 12 50 829: sgr JLINKARM_Halt
01 12 50 830: xml Segment definition is rw but size smaller than erase page for segment OTP4
01 12 50 830: prg Starting debugging
01 12 50 830: msg send(98):E RunControl contextAdded [{"ID":"armRC2","CanSuspend":true,"CanResume":262143,"CanCount":262143,"IsContainer":false,"HasState":true,"CanTerminate":true}]
01 12 50 830: msg send(98):E Registers contextAdded [{"ID":"Reg_R0_27","Name":"R0","Size":4},{"ID":"Reg_R1_28","Name":"R1","Size":4},{"ID":"Reg_R2_29","Name":"R2","Size":4},{"ID":"Reg_R3_30","Name":"R3","Size":4},{"ID":"Reg_R4_31","Name":"R4","Size":4},{"ID":"Reg_R5_32","Name":"R5","Size":4},{"ID":"Reg_R6_33","Name":"R6","Size":4},{"ID":"Reg_R7_34","Name":"R7","Size":4},{"ID":"Reg_R8_35","Name":"R8","Size":4},{"ID":"Reg_R9_36","Name":"R9","Size":4},{"ID":"Reg_R10_37","Name":"R10","Size":4},{"ID":"Reg_R11_38","Name":"R11","Size":4},{"ID":"Reg_R12_39","Name":"R12","Size":4},{"ID":"Reg_SP_40","Name":"SP","Size":4},{"ID":"Reg_LR_41","Name":"LR","Size":4},{"ID":"Reg_PC_42","Name":"PC","Size":4},{"ID":"Reg_APSR_43","Name":"APSR","Size":4},{"ID":"Reg_MSP_44","Name":"MSP","Size":4},{"ID":"Reg_PSP_45","Name":"PSP","Size":4},{"ID":"Reg_XPSR_46","Name":"XPSR","Size":4},{"ID":"Reg_IPSR_47","Name":"IPSR","Size":4},{"ID":"Reg_EPSR_48","Name":"EPSR","Size":4},{"ID":"Reg_PRIMASK_49","Name":"PRIMASK","Size":1},{"ID":"Reg_FAULTMASK_50","Name":"FAULT...
01 12 50 831: msg send(98):E Memory contextAdded [{"ID":"Mem_base_3","BigEndian":false,"AddressSize":4,"Name":"base","StartBound":0,"EndBound":4294967295},{"ID":"Mem_fuses_4","BigEndian":false,"AddressSize":4,"Name":"fuses","StartBound":0,"EndBound":4294967295}]
01 12 50 831: sgr JLINKARM_ReadMemU32 41002018 10010305 ...
01 12 50 831: msg send(98):R 13  {"signature":268501765,"revision":3}
01 12 50 887: msg recv(98):C 14 Device getContext "ArmDev_1"
01 12 50 888: msg send(98):R 14  {"ID":"ArmDev_1","Name":"atsamd21g18a","Session":2,"MemoryIDs":["Mem_base_3","Mem_fuses_4"],"RunControlID":"armRC2","ProgFlashFromRam":true}
01 12 50 915: msg recv(98):C 15 Modules add "C:\\Users\\rafael.romanotero\\Desktop\\IcedCoffeeOS\\kernel\\feather_rfm69\\output\\feather_m0.hex" 0
01 12 50 934: msg send(98):R 15  {"ID":"Module_1","Path":"C:\\Users\\rafael.romanotero\\Desktop\\IcedCoffeeOS\\kernel\\feather_rfm69\\output\\feather_m0.hex","Mode":0}
01 12 50 944: msg recv(98):C 16 Modules getContext "Module_1"
01 12 50 944: msg send(98):R 16  {"ID":"Module_1","Path":"C:\\Users\\rafael.romanotero\\Desktop\\IcedCoffeeOS\\kernel\\feather_rfm69\\output\\feather_m0.hex","Mode":0}
01 12 50 961: msg recv(98):C 17 Modules getBinaryContentInfo "Module_1"
01 12 50 961: msg send(98):R 17  [{"AddressSpaceName":"","AddressSpaceOffset":8192,"Size":1108,"NativeSegmentName":"0x2000","NativeSegmentOffset":8192}]
01 12 50 974: msg recv(98):C 18 Device getContext "ArmDev_1"
01 12 50 975: msg send(98):R 18  {"ID":"ArmDev_1","Name":"atsamd21g18a","Session":2,"MemoryIDs":["Mem_base_3","Mem_fuses_4"],"RunControlID":"armRC2","ProgFlashFromRam":true}
01 12 50 991: msg recv(98):C 19 Memory getContext "Mem_base_3"
01 12 50 991: msg send(98):R 19  {"ID":"Mem_base_3","BigEndian":false,"AddressSize":4,"Name":"base","StartBound":0,"EndBound":4294967295}
01 12 51 007: msg recv(98):C 20 Memory getContext "Mem_base_3"
01 12 51 007: msg send(98):R 20  {"ID":"Mem_base_3","BigEndian":false,"AddressSize":4,"Name":"base","StartBound":0,"EndBound":4294967295}
01 12 51 022: msg recv(98):C 21 Memory getContext "Mem_base_3"
01 12 51 023: msg send(98):R 21  {"ID":"Mem_base_3","BigEndian":false,"AddressSize":4,"Name":"base","StartBound":0,"EndBound":4294967295}
01 12 51 037: msg recv(98):C 22 Memory getContext "Mem_base_3"
01 12 51 037: msg send(98):R 22  {"ID":"Mem_base_3","BigEndian":false,"AddressSize":4,"Name":"base","StartBound":0,"EndBound":4294967295}
01 12 51 053: msg recv(98):C 23 Modules writeToMemory "Module_1" "Mem_base_3" 8192 1108 2
01 12 51 053: sgr JLINKARM_BeginDownload
01 12 51 053: sgr JLINKARM_WriteMem 0x00002000 1108 - 20 20 00 ...
01 12 51 054: msg send(98):E Memory memoryChanged "Mem_base_3" [{"addr":8192,"size":1108}]
01 12 51 054: msg send(98):R 23
01 12 51 077: msg recv(98):C 24 Modules verifyMemory "Module_1" "Mem_base_3" 8192 1108
01 12 51 077: sgr JLINKARM_EndDownload
01 12 51 217: sgr J-Link: Flash download: Bank 0 @ 0x00000000: 1 range affected (1280 bytes)
01 12 51 218: sgr J-Link: Flash download: Total time needed: 0.137s (Prepare: 0.082s, Compare: 0.005s, Erase: 0.000s, Program: 0.025s, Verify: 0.001s, Restore: 0.023s)
01 12 51 229: msg send(98):R 24  []
01 12 51 277: tcf Channel(98) was terminated: Connection Reset by Peer.
01 12 51 277: tcf Closing TCF channel (98)
01 12 51 278: cal AvrDebugger::onChannelClose()
01 12 51 278: svc Unregistering orphan AT_1 refcount 1
01 12 51 278: svc Disconnecting tool AT_1 refcount 2
01 12 51 450: prg Finished debugging
01 12 51 451: sgr Disconnect from target
01 12 51 451: sgr InitTarget()
01 12 51 458: sgr Found SW-DP with ID 0x0BC11477
01 12 51 461: sgr AP map detection skipped. Manually configured AP map found.
01 12 51 461: sgr AP[0]: AHB-AP (IDR: Not set)
01 12 51 464: sgr AP[0]: Core found
01 12 51 464: sgr AP[0]: AHB-AP ROM base: 0x41003000
01 12 51 466: sgr CPUID register: 0x410CC601. Implementer code: 0x41 (ARM)
01 12 51 466: sgr Found Cortex-M0 r0p1, Little endian.
01 12 51 570: sgr FPUnit: 4 code (BP) slots and 0 literal slots
01 12 51 571: sgr CoreSight components:
01 12 51 572: sgr ROMTbl[0] @ 41003000
01 12 51 574: sgr ROMTbl[0][0]: E00FF000, CID: B105100D, PID: 000BB4C0 ROM Table
01 12 51 574: sgr ROMTbl[1] @ E00FF000
01 12 51 577: sgr ROMTbl[1][0]: E000E000, CID: B105E00D, PID: 000BB008 SCS
01 12 51 579: sgr ROMTbl[1][1]: E0001000, CID: B105E00D, PID: 000BB00A DWT
01 12 51 581: sgr ROMTbl[1][2]: E0002000, CID: B105E00D, PID: 000BB00B FPB
01 12 51 583: sgr ROMTbl[0][1]: 41006000, CID: B105900D, PID: 001BB932 MTB-M0+
01 12 51 731: svc Unregistering orphan Module_1 refcount 1
01 12 51 731: cal closing backend since last client has disconnected
01 12 51 731: tcf TCF channel (98) was closed.
01 12 51 884: cal AvrDebugger::stopNetwork()
01 12 51 884: cal AvrDebugger::stopServices()
01 12 51 887: cal AvrDebugger::uninit()
01 12 51 889: cal AvrDebugger::~AvrDebugger() - destructor
01 12 51 890: mplabcomm::library Unloading access link: list=0, session=0
Data: 0
